<?xml version="1.0" encoding="UTF-8"?>
<coverage generated="1694019801001" clover="3.2.0">
  <project timestamp="1694019801001" name="All files">
    <metrics statements="34" coveredstatements="34" conditionals="12" coveredconditionals="12" methods="12" coveredmethods="12" elements="58" coveredelements="58" complexity="0" loc="34" ncloc="34" packages="1" files="2" classes="2"/>
    <file name="FigureCalculator.js" path="C:\Users\USER\Desktop\LATIHAN PROGRAMING\pelatihan_dicoding\math-api\src\FigureCalculator.js">
      <metrics statements="17" coveredstatements="17" conditionals="4" coveredconditionals="4" methods="7" coveredmethods="7"/>
      <line num="3" count="13" type="stmt"/>
      <line num="5" count="13" type="stmt"/>
      <line num="6" count="30" type="cond" truecount="2" falsecount="0"/>
      <line num="7" count="17" type="stmt"/>
      <line num="9" count="13" type="stmt"/>
      <line num="10" count="18" type="cond" truecount="2" falsecount="0"/>
      <line num="11" count="9" type="stmt"/>
      <line num="15" count="4" type="stmt"/>
      <line num="20" count="7" type="stmt"/>
      <line num="21" count="1" type="stmt"/>
      <line num="25" count="7" type="stmt"/>
      <line num="26" count="1" type="stmt"/>
      <line num="30" count="8" type="stmt"/>
      <line num="31" count="1" type="stmt"/>
      <line num="35" count="8" type="stmt"/>
      <line num="36" count="1" type="stmt"/>
      <line num="40" count="1" type="stmt"/>
    </file>
    <file name="MathBasic.js" path="C:\Users\USER\Desktop\LATIHAN PROGRAMING\pelatihan_dicoding\math-api\src\MathBasic.js">
      <metrics statements="17" coveredstatements="17" conditionals="8" coveredconditionals="8" methods="5" coveredmethods="5"/>
      <line num="1" count="2" type="stmt"/>
      <line num="2" count="51" type="cond" truecount="4" falsecount="0"/>
      <line num="3" count="16" type="stmt"/>
      <line num="6" count="35" type="stmt"/>
      <line num="7" count="35" type="cond" truecount="4" falsecount="0"/>
      <line num="8" count="12" type="stmt"/>
      <line num="11" count="23" type="stmt"/>
      <line num="14" count="2" type="stmt"/>
      <line num="16" count="14" type="stmt"/>
      <line num="17" count="7" type="stmt"/>
      <line num="20" count="11" type="stmt"/>
      <line num="21" count="4" type="stmt"/>
      <line num="24" count="14" type="stmt"/>
      <line num="25" count="7" type="stmt"/>
      <line num="28" count="12" type="stmt"/>
      <line num="29" count="5" type="stmt"/>
      <line num="33" count="2" type="stmt"/>
    </file>
  </project>
</coverage>
