<?xml version="1.0" encoding="UTF-8"?>
<coverage generated="1694099914935" clover="3.2.0">
  <project timestamp="1694099914936" name="All files">
    <metrics statements="64" coveredstatements="64" conditionals="12" coveredconditionals="12" methods="21" coveredmethods="21" elements="97" coveredelements="97" complexity="0" loc="64" ncloc="64" packages="1" files="3" classes="3"/>
    <file name="FigureCalculator.js" path="C:\Users\USER\Desktop\LATIHAN PROGRAMING\pelatihan_dicoding\math-api\src\FigureCalculator.js">
      <metrics statements="17" coveredstatements="17" conditionals="4" coveredconditionals="4" methods="7" coveredmethods="7"/>
      <line num="3" count="17" type="stmt"/>
      <line num="5" count="17" type="stmt"/>
      <line num="6" count="34" type="cond" truecount="2" falsecount="0"/>
      <line num="7" count="17" type="stmt"/>
      <line num="9" count="17" type="stmt"/>
      <line num="10" count="27" type="cond" truecount="2" falsecount="0"/>
      <line num="11" count="9" type="stmt"/>
      <line num="15" count="8" type="stmt"/>
      <line num="20" count="8" type="stmt"/>
      <line num="21" count="2" type="stmt"/>
      <line num="25" count="8" type="stmt"/>
      <line num="26" count="2" type="stmt"/>
      <line num="30" count="9" type="stmt"/>
      <line num="31" count="2" type="stmt"/>
      <line num="35" count="9" type="stmt"/>
      <line num="36" count="2" type="stmt"/>
      <line num="40" count="2" type="stmt"/>
    </file>
    <file name="MathBasic.js" path="C:\Users\USER\Desktop\LATIHAN PROGRAMING\pelatihan_dicoding\math-api\src\MathBasic.js">
      <metrics statements="17" coveredstatements="17" conditionals="8" coveredconditionals="8" methods="5" coveredmethods="5"/>
      <line num="1" count="3" type="stmt"/>
      <line num="2" count="62" type="cond" truecount="4" falsecount="0"/>
      <line num="3" count="16" type="stmt"/>
      <line num="6" count="46" type="stmt"/>
      <line num="7" count="46" type="cond" truecount="4" falsecount="0"/>
      <line num="8" count="12" type="stmt"/>
      <line num="11" count="34" type="stmt"/>
      <line num="14" count="3" type="stmt"/>
      <line num="16" count="18" type="stmt"/>
      <line num="17" count="11" type="stmt"/>
      <line num="20" count="12" type="stmt"/>
      <line num="21" count="5" type="stmt"/>
      <line num="24" count="18" type="stmt"/>
      <line num="25" count="11" type="stmt"/>
      <line num="28" count="14" type="stmt"/>
      <line num="29" count="7" type="stmt"/>
      <line num="33" count="3" type="stmt"/>
    </file>
    <file name="createServer.js" path="C:\Users\USER\Desktop\LATIHAN PROGRAMING\pelatihan_dicoding\math-api\src\createServer.js">
      <metrics statements="30" coveredstatements="30" conditionals="0" coveredconditionals="0" methods="9" coveredmethods="9"/>
      <line num="1" count="1" type="stmt"/>
      <line num="3" count="1" type="stmt"/>
      <line num="4" count="8" type="stmt"/>
      <line num="9" count="8" type="stmt"/>
      <line num="14" count="1" type="stmt"/>
      <line num="15" count="1" type="stmt"/>
      <line num="16" count="1" type="stmt"/>
      <line num="23" count="1" type="stmt"/>
      <line num="24" count="1" type="stmt"/>
      <line num="25" count="1" type="stmt"/>
      <line num="32" count="1" type="stmt"/>
      <line num="33" count="1" type="stmt"/>
      <line num="34" count="1" type="stmt"/>
      <line num="41" count="1" type="stmt"/>
      <line num="42" count="1" type="stmt"/>
      <line num="43" count="1" type="stmt"/>
      <line num="50" count="1" type="stmt"/>
      <line num="52" count="1" type="stmt"/>
      <line num="54" count="1" type="stmt"/>
      <line num="61" count="1" type="stmt"/>
      <line num="63" count="1" type="stmt"/>
      <line num="65" count="1" type="stmt"/>
      <line num="72" count="1" type="stmt"/>
      <line num="74" count="1" type="stmt"/>
      <line num="80" count="1" type="stmt"/>
      <line num="87" count="1" type="stmt"/>
      <line num="89" count="1" type="stmt"/>
      <line num="91" count="1" type="stmt"/>
      <line num="96" count="8" type="stmt"/>
      <line num="99" count="1" type="stmt"/>
    </file>
  </project>
</coverage>
