{"C:\\Users\\USER\\Desktop\\LATIHAN PROGRAMING\\pelatihan_dicoding\\math-api\\src\\FigureCalculator.js": {"path":"C:\\Users\\USER\\Desktop\\LATIHAN PROGRAMING\\pelatihan_dicoding\\math-api\\src\\FigureCalculator.js","statementMap":{"0":{"start":{"line":3,"column":4},"end":{"line":3,"column":31}},"1":{"start":{"line":5,"column":4},"end":{"line":16,"column":6}},"2":{"start":{"line":6,"column":6},"end":{"line":8,"column":7}},"3":{"start":{"line":7,"column":8},"end":{"line":7,"column":80}},"4":{"start":{"line":9,"column":6},"end":{"line":13,"column":9}},"5":{"start":{"line":10,"column":8},"end":{"line":12,"column":9}},"6":{"start":{"line":11,"column":10},"end":{"line":11,"column":76}},"7":{"start":{"line":15,"column":6},"end":{"line":15,"column":18}},"8":{"start":{"line":20,"column":28},"end":{"line":20,"column":51}},"9":{"start":{"line":21,"column":4},"end":{"line":21,"column":73}},"10":{"start":{"line":25,"column":28},"end":{"line":25,"column":51}},"11":{"start":{"line":26,"column":4},"end":{"line":26,"column":50}},"12":{"start":{"line":30,"column":33},"end":{"line":30,"column":56}},"13":{"start":{"line":31,"column":4},"end":{"line":31,"column":70}},"14":{"start":{"line":35,"column":27},"end":{"line":35,"column":50}},"15":{"start":{"line":36,"column":4},"end":{"line":36,"column":75}},"16":{"start":{"line":40,"column":0},"end":{"line":40,"column":34}}},"fnMap":{"0":{"name":"(anonymous_0)","decl":{"start":{"line":2,"column":2},"end":{"line":2,"column":3}},"loc":{"start":{"line":2,"column":25},"end":{"line":17,"column":3}},"line":2},"1":{"name":"(anonymous_1)","decl":{"start":{"line":5,"column":21},"end":{"line":5,"column":22}},"loc":{"start":{"line":5,"column":50},"end":{"line":16,"column":5}},"line":5},"2":{"name":"(anonymous_2)","decl":{"start":{"line":9,"column":19},"end":{"line":9,"column":20}},"loc":{"start":{"line":9,"column":28},"end":{"line":13,"column":7}},"line":9},"3":{"name":"(anonymous_3)","decl":{"start":{"line":19,"column":2},"end":{"line":19,"column":3}},"loc":{"start":{"line":19,"column":39},"end":{"line":22,"column":3}},"line":19},"4":{"name":"(anonymous_4)","decl":{"start":{"line":24,"column":2},"end":{"line":24,"column":3}},"loc":{"start":{"line":24,"column":34},"end":{"line":27,"column":3}},"line":24},"5":{"name":"(anonymous_5)","decl":{"start":{"line":29,"column":2},"end":{"line":29,"column":3}},"loc":{"start":{"line":29,"column":38},"end":{"line":32,"column":3}},"line":29},"6":{"name":"(anonymous_6)","decl":{"start":{"line":34,"column":2},"end":{"line":34,"column":3}},"loc":{"start":{"line":34,"column":33},"end":{"line":37,"column":3}},"line":34}},"branchMap":{"0":{"loc":{"start":{"line":6,"column":6},"end":{"line":8,"column":7}},"type":"if","locations":[{"start":{"line":6,"column":6},"end":{"line":8,"column":7}},{"start":{},"end":{}}],"line":6},"1":{"loc":{"start":{"line":10,"column":8},"end":{"line":12,"column":9}},"type":"if","locations":[{"start":{"line":10,"column":8},"end":{"line":12,"column":9}},{"start":{},"end":{}}],"line":10}},"s":{"0":17,"1":17,"2":34,"3":17,"4":17,"5":27,"6":9,"7":8,"8":8,"9":2,"10":8,"11":2,"12":9,"13":2,"14":9,"15":2,"16":2},"f":{"0":17,"1":34,"2":27,"3":8,"4":8,"5":9,"6":9},"b":{"0":[17,17],"1":[9,18]},"_coverageSchema":"1a1c01bbd47fc00a2c39e90264f33305004495a9","hash":"7f7c03fc4148854d2a54972fec063bbd8e684474"}
,"C:\\Users\\USER\\Desktop\\LATIHAN PROGRAMING\\pelatihan_dicoding\\math-api\\src\\MathBasic.js": {"path":"C:\\Users\\USER\\Desktop\\LATIHAN PROGRAMING\\pelatihan_dicoding\\math-api\\src\\MathBasic.js","statementMap":{"0":{"start":{"line":1,"column":19},"end":{"line":12,"column":1}},"1":{"start":{"line":2,"column":2},"end":{"line":4,"column":3}},"2":{"start":{"line":3,"column":4},"end":{"line":3,"column":64}},"3":{"start":{"line":6,"column":17},"end":{"line":6,"column":21}},"4":{"start":{"line":7,"column":2},"end":{"line":9,"column":3}},"5":{"start":{"line":8,"column":4},"end":{"line":8,"column":75}},"6":{"start":{"line":11,"column":2},"end":{"line":11,"column":16}},"7":{"start":{"line":14,"column":18},"end":{"line":31,"column":1}},"8":{"start":{"line":16,"column":19},"end":{"line":16,"column":38}},"9":{"start":{"line":17,"column":4},"end":{"line":17,"column":17}},"10":{"start":{"line":20,"column":19},"end":{"line":20,"column":38}},"11":{"start":{"line":21,"column":4},"end":{"line":21,"column":17}},"12":{"start":{"line":24,"column":19},"end":{"line":24,"column":38}},"13":{"start":{"line":25,"column":4},"end":{"line":25,"column":17}},"14":{"start":{"line":28,"column":19},"end":{"line":28,"column":38}},"15":{"start":{"line":29,"column":4},"end":{"line":29,"column":17}},"16":{"start":{"line":33,"column":0},"end":{"line":33,"column":27}}},"fnMap":{"0":{"name":"(anonymous_0)","decl":{"start":{"line":1,"column":19},"end":{"line":1,"column":20}},"loc":{"start":{"line":1,"column":32},"end":{"line":12,"column":1}},"line":1},"1":{"name":"(anonymous_1)","decl":{"start":{"line":15,"column":7},"end":{"line":15,"column":8}},"loc":{"start":{"line":15,"column":20},"end":{"line":18,"column":3}},"line":15},"2":{"name":"(anonymous_2)","decl":{"start":{"line":19,"column":12},"end":{"line":19,"column":13}},"loc":{"start":{"line":19,"column":25},"end":{"line":22,"column":3}},"line":19},"3":{"name":"(anonymous_3)","decl":{"start":{"line":23,"column":12},"end":{"line":23,"column":13}},"loc":{"start":{"line":23,"column":25},"end":{"line":26,"column":3}},"line":23},"4":{"name":"(anonymous_4)","decl":{"start":{"line":27,"column":10},"end":{"line":27,"column":11}},"loc":{"start":{"line":27,"column":23},"end":{"line":30,"column":3}},"line":27}},"branchMap":{"0":{"loc":{"start":{"line":2,"column":2},"end":{"line":4,"column":3}},"type":"if","locations":[{"start":{"line":2,"column":2},"end":{"line":4,"column":3}},{"start":{},"end":{}}],"line":2},"1":{"loc":{"start":{"line":2,"column":6},"end":{"line":2,"column":40}},"type":"binary-expr","locations":[{"start":{"line":2,"column":6},"end":{"line":2,"column":21}},{"start":{"line":2,"column":25},"end":{"line":2,"column":40}}],"line":2},"2":{"loc":{"start":{"line":7,"column":2},"end":{"line":9,"column":3}},"type":"if","locations":[{"start":{"line":7,"column":2},"end":{"line":9,"column":3}},{"start":{},"end":{}}],"line":7},"3":{"loc":{"start":{"line":7,"column":6},"end":{"line":7,"column":52}},"type":"binary-expr","locations":[{"start":{"line":7,"column":6},"end":{"line":7,"column":27}},{"start":{"line":7,"column":31},"end":{"line":7,"column":52}}],"line":7}},"s":{"0":3,"1":62,"2":16,"3":46,"4":46,"5":12,"6":34,"7":3,"8":18,"9":11,"10":12,"11":5,"12":18,"13":11,"14":14,"15":7,"16":3},"f":{"0":62,"1":18,"2":12,"3":18,"4":14},"b":{"0":[16,46],"1":[62,54],"2":[12,34],"3":[46,34]},"_coverageSchema":"1a1c01bbd47fc00a2c39e90264f33305004495a9","hash":"97743a57b984fdea441833e69154bf3028560336"}
,"C:\\Users\\USER\\Desktop\\LATIHAN PROGRAMING\\pelatihan_dicoding\\math-api\\src\\createServer.js": {"path":"C:\\Users\\USER\\Desktop\\LATIHAN PROGRAMING\\pelatihan_dicoding\\math-api\\src\\createServer.js","statementMap":{"0":{"start":{"line":1,"column":13},"end":{"line":1,"column":34}},"1":{"start":{"line":3,"column":21},"end":{"line":97,"column":1}},"2":{"start":{"line":4,"column":17},"end":{"line":7,"column":4}},"3":{"start":{"line":9,"column":2},"end":{"line":94,"column":5}},"4":{"start":{"line":14,"column":25},"end":{"line":14,"column":39}},"5":{"start":{"line":15,"column":22},"end":{"line":15,"column":57}},"6":{"start":{"line":16,"column":8},"end":{"line":16,"column":25}},"7":{"start":{"line":23,"column":25},"end":{"line":23,"column":39}},"8":{"start":{"line":24,"column":22},"end":{"line":24,"column":62}},"9":{"start":{"line":25,"column":8},"end":{"line":25,"column":25}},"10":{"start":{"line":32,"column":25},"end":{"line":32,"column":39}},"11":{"start":{"line":33,"column":22},"end":{"line":33,"column":62}},"12":{"start":{"line":34,"column":8},"end":{"line":34,"column":25}},"13":{"start":{"line":41,"column":25},"end":{"line":41,"column":39}},"14":{"start":{"line":42,"column":22},"end":{"line":42,"column":60}},"15":{"start":{"line":43,"column":8},"end":{"line":43,"column":25}},"16":{"start":{"line":50,"column":34},"end":{"line":50,"column":48}},"17":{"start":{"line":52,"column":22},"end":{"line":52,"column":97}},"18":{"start":{"line":54,"column":8},"end":{"line":54,"column":25}},"19":{"start":{"line":61,"column":34},"end":{"line":61,"column":48}},"20":{"start":{"line":63,"column":22},"end":{"line":63,"column":92}},"21":{"start":{"line":65,"column":8},"end":{"line":65,"column":25}},"22":{"start":{"line":72,"column":39},"end":{"line":72,"column":53}},"23":{"start":{"line":74,"column":22},"end":{"line":78,"column":9}},"24":{"start":{"line":80,"column":8},"end":{"line":80,"column":25}},"25":{"start":{"line":87,"column":33},"end":{"line":87,"column":47}},"26":{"start":{"line":89,"column":22},"end":{"line":89,"column":90}},"27":{"start":{"line":91,"column":8},"end":{"line":91,"column":25}},"28":{"start":{"line":96,"column":2},"end":{"line":96,"column":16}},"29":{"start":{"line":99,"column":0},"end":{"line":99,"column":30}}},"fnMap":{"0":{"name":"(anonymous_0)","decl":{"start":{"line":3,"column":21},"end":{"line":3,"column":22}},"loc":{"start":{"line":3,"column":58},"end":{"line":97,"column":1}},"line":3},"1":{"name":"(anonymous_1)","decl":{"start":{"line":13,"column":15},"end":{"line":13,"column":16}},"loc":{"start":{"line":13,"column":28},"end":{"line":17,"column":7}},"line":13},"2":{"name":"(anonymous_2)","decl":{"start":{"line":22,"column":15},"end":{"line":22,"column":16}},"loc":{"start":{"line":22,"column":28},"end":{"line":26,"column":7}},"line":22},"3":{"name":"(anonymous_3)","decl":{"start":{"line":31,"column":15},"end":{"line":31,"column":16}},"loc":{"start":{"line":31,"column":28},"end":{"line":35,"column":7}},"line":31},"4":{"name":"(anonymous_4)","decl":{"start":{"line":40,"column":15},"end":{"line":40,"column":16}},"loc":{"start":{"line":40,"column":28},"end":{"line":44,"column":7}},"line":40},"5":{"name":"(anonymous_5)","decl":{"start":{"line":49,"column":15},"end":{"line":49,"column":16}},"loc":{"start":{"line":49,"column":28},"end":{"line":55,"column":7}},"line":49},"6":{"name":"(anonymous_6)","decl":{"start":{"line":60,"column":15},"end":{"line":60,"column":16}},"loc":{"start":{"line":60,"column":28},"end":{"line":66,"column":7}},"line":60},"7":{"name":"(anonymous_7)","decl":{"start":{"line":71,"column":15},"end":{"line":71,"column":16}},"loc":{"start":{"line":71,"column":28},"end":{"line":81,"column":7}},"line":71},"8":{"name":"(anonymous_8)","decl":{"start":{"line":86,"column":15},"end":{"line":86,"column":16}},"loc":{"start":{"line":86,"column":28},"end":{"line":92,"column":7}},"line":86}},"branchMap":{},"s":{"0":1,"1":1,"2":8,"3":8,"4":1,"5":1,"6":1,"7":1,"8":1,"9":1,"10":1,"11":1,"12":1,"13":1,"14":1,"15":1,"16":1,"17":1,"18":1,"19":1,"20":1,"21":1,"22":1,"23":1,"24":1,"25":1,"26":1,"27":1,"28":8,"29":1},"f":{"0":8,"1":1,"2":1,"3":1,"4":1,"5":1,"6":1,"7":1,"8":1},"b":{},"_coverageSchema":"1a1c01bbd47fc00a2c39e90264f33305004495a9","hash":"82b75fd0fda728eea9aea45d65e3e59eca6e3f75"}
}
