TN:
SF:src\FigureCalculator.js
FN:2,(anonymous_0)
FN:5,(anonymous_1)
FN:9,(anonymous_2)
FN:19,(anonymous_3)
FN:24,(anonymous_4)
FN:29,(anonymous_5)
FN:34,(anonymous_6)
FNF:7
FNH:7
FNDA:13,(anonymous_0)
FNDA:30,(anonymous_1)
FNDA:18,(anonymous_2)
FNDA:7,(anonymous_3)
FNDA:7,(anonymous_4)
FNDA:8,(anonymous_5)
FNDA:8,(anonymous_6)
DA:3,13
DA:5,13
DA:6,30
DA:7,17
DA:9,13
DA:10,18
DA:11,9
DA:15,4
DA:20,7
DA:21,1
DA:25,7
DA:26,1
DA:30,8
DA:31,1
DA:35,8
DA:36,1
DA:40,1
LF:17
LH:17
BRDA:6,0,0,17
BRDA:6,0,1,13
BRDA:10,1,0,9
BRDA:10,1,1,9
BRF:4
BRH:4
end_of_record
TN:
SF:src\MathBasic.js
FN:1,(anonymous_0)
FN:15,(anonymous_1)
FN:19,(anonymous_2)
FN:23,(anonymous_3)
FN:27,(anonymous_4)
FNF:5
FNH:5
FNDA:51,(anonymous_0)
FNDA:14,(anonymous_1)
FNDA:11,(anonymous_2)
FNDA:14,(anonymous_3)
FNDA:12,(anonymous_4)
DA:1,2
DA:2,51
DA:3,16
DA:6,35
DA:7,35
DA:8,12
DA:11,23
DA:14,2
DA:16,14
DA:17,7
DA:20,11
DA:21,4
DA:24,14
DA:25,7
DA:28,12
DA:29,5
DA:33,2
LF:17
LH:17
BRDA:2,0,0,16
BRDA:2,0,1,35
BRDA:2,1,0,51
BRDA:2,1,1,43
BRDA:7,2,0,12
BRDA:7,2,1,23
BRDA:7,3,0,35
BRDA:7,3,1,23
BRF:8
BRH:8
end_of_record
