TN:
SF:src\FigureCalculator.js
FN:2,(anonymous_0)
FN:5,(anonymous_1)
FN:9,(anonymous_2)
FN:19,(anonymous_3)
FN:24,(anonymous_4)
FN:29,(anonymous_5)
FN:34,(anonymous_6)
FNF:7
FNH:7
FNDA:17,(anonymous_0)
FNDA:34,(anonymous_1)
FNDA:27,(anonymous_2)
FNDA:8,(anonymous_3)
FNDA:8,(anonymous_4)
FNDA:9,(anonymous_5)
FNDA:9,(anonymous_6)
DA:3,17
DA:5,17
DA:6,34
DA:7,17
DA:9,17
DA:10,27
DA:11,9
DA:15,8
DA:20,8
DA:21,2
DA:25,8
DA:26,2
DA:30,9
DA:31,2
DA:35,9
DA:36,2
DA:40,2
LF:17
LH:17
BRDA:6,0,0,17
BRDA:6,0,1,17
BRDA:10,1,0,9
BRDA:10,1,1,18
BRF:4
BRH:4
end_of_record
TN:
SF:src\MathBasic.js
FN:1,(anonymous_0)
FN:15,(anonymous_1)
FN:19,(anonymous_2)
FN:23,(anonymous_3)
FN:27,(anonymous_4)
FNF:5
FNH:5
FNDA:62,(anonymous_0)
FNDA:18,(anonymous_1)
FNDA:12,(anonymous_2)
FNDA:18,(anonymous_3)
FNDA:14,(anonymous_4)
DA:1,3
DA:2,62
DA:3,16
DA:6,46
DA:7,46
DA:8,12
DA:11,34
DA:14,3
DA:16,18
DA:17,11
DA:20,12
DA:21,5
DA:24,18
DA:25,11
DA:28,14
DA:29,7
DA:33,3
LF:17
LH:17
BRDA:2,0,0,16
BRDA:2,0,1,46
BRDA:2,1,0,62
BRDA:2,1,1,54
BRDA:7,2,0,12
BRDA:7,2,1,34
BRDA:7,3,0,46
BRDA:7,3,1,34
BRF:8
BRH:8
end_of_record
TN:
SF:src\createServer.js
FN:3,(anonymous_0)
FN:13,(anonymous_1)
FN:22,(anonymous_2)
FN:31,(anonymous_3)
FN:40,(anonymous_4)
FN:49,(anonymous_5)
FN:60,(anonymous_6)
FN:71,(anonymous_7)
FN:86,(anonymous_8)
FNF:9
FNH:9
FNDA:8,(anonymous_0)
FNDA:1,(anonymous_1)
FNDA:1,(anonymous_2)
FNDA:1,(anonymous_3)
FNDA:1,(anonymous_4)
FNDA:1,(anonymous_5)
FNDA:1,(anonymous_6)
FNDA:1,(anonymous_7)
FNDA:1,(anonymous_8)
DA:1,1
DA:3,1
DA:4,8
DA:9,8
DA:14,1
DA:15,1
DA:16,1
DA:23,1
DA:24,1
DA:25,1
DA:32,1
DA:33,1
DA:34,1
DA:41,1
DA:42,1
DA:43,1
DA:50,1
DA:52,1
DA:54,1
DA:61,1
DA:63,1
DA:65,1
DA:72,1
DA:74,1
DA:80,1
DA:87,1
DA:89,1
DA:91,1
DA:96,8
DA:99,1
LF:30
LH:30
BRF:0
BRH:0
end_of_record
